2023-07-29 16:15:41,075 INFO notifyConnectTimeout:200

2023-07-29 16:15:41,088 INFO notifySocketTimeout:8000

2023-07-29 16:15:41,088 INFO isHealthCheck:true

2023-07-29 16:15:41,088 INFO maxHealthCheckFailCount:12

2023-07-29 16:15:41,088 INFO maxContent:10485760

2023-07-29 16:15:44,291 INFO use local db service for init

2023-07-29 16:15:44,859 WARN Lexical error at line 4, column 66.  Encountered: <EOF> after : "".

2023-07-29 16:15:44,863 WARN Syntax error: Encountered "*" at line 1, column 1.

2023-07-29 16:15:44,909 WARN Table/View 'CONFIG_INFO' already exists in Schema 'NACOS'.

2023-07-29 16:15:44,979 WARN Table/View 'HIS_CONFIG_INFO' already exists in Schema 'NACOS'.

2023-07-29 16:15:45,003 WARN Table/View 'CONFIG_INFO_BETA' already exists in Schema 'NACOS'.

2023-07-29 16:15:45,013 WARN Table/View 'CONFIG_INFO_TAG' already exists in Schema 'NACOS'.

2023-07-29 16:15:45,026 WARN Table/View 'CONFIG_INFO_AGGR' already exists in Schema 'NACOS'.

2023-07-29 16:15:45,038 WARN Table/View 'APP_LIST' already exists in Schema 'NACOS'.

2023-07-29 16:15:45,048 WARN Table/View 'APP_CONFIGDATA_RELATION_SUBS' already exists in Schema 'NACOS'.

2023-07-29 16:15:45,058 WARN Table/View 'APP_CONFIGDATA_RELATION_PUBS' already exists in Schema 'NACOS'.

2023-07-29 16:15:45,068 WARN Table/View 'CONFIG_TAGS_RELATION' already exists in Schema 'NACOS'.

2023-07-29 16:15:45,087 WARN Table/View 'GROUP_CAPACITY' already exists in Schema 'NACOS'.

2023-07-29 16:15:45,098 WARN Table/View 'TENANT_CAPACITY' already exists in Schema 'NACOS'.

2023-07-29 16:15:45,109 WARN Table/View 'TENANT_INFO' already exists in Schema 'NACOS'.

2023-07-29 16:15:45,121 WARN Table/View 'USERS' already exists in Schema 'NACOS'.

2023-07-29 16:15:45,131 WARN Table/View 'ROLES' already exists in Schema 'NACOS'.

2023-07-29 16:15:45,141 WARN Table/View 'PERMISSIONS' already exists in Schema 'NACOS'.

2023-07-29 16:15:45,213 WARN The statement was aborted because it would have caused a duplicate key value in a unique or primary key constraint or unique index identified by 'SQL230713143201020' defined on 'USERS'.

2023-07-29 16:15:45,229 WARN The statement was aborted because it would have caused a duplicate key value in a unique or primary key constraint or unique index identified by 'UK_USERNAME_ROLE' defined on 'ROLES'.

2023-07-29 16:15:45,229 WARN Lexical error at line 4, column 13.  Encountered: "`" (96), after : "".

2023-07-29 16:15:45,230 WARN Lexical error at line 1, column 13.  Encountered: "`" (96), after : "".

2023-07-29 16:15:45,230 WARN Lexical error at line 1, column 13.  Encountered: "`" (96), after : "".

2023-07-29 16:15:45,230 WARN Lexical error at line 1, column 13.  Encountered: "`" (96), after : "".

2023-07-29 16:15:45,230 INFO use StandaloneDatabaseOperateImpl

2023-07-29 16:15:46,288 WARN DumpService start

2023-07-29 16:15:46,290 INFO start clear all config-info.

2023-07-29 16:15:46,291 WARN clear all config-info failed.

2023-07-29 16:15:46,291 WARN clear all config-info-tenant failed.

2023-07-29 16:15:46,401 INFO [all-dump] 653576637770559488 / 653576637770559488

2023-07-29 16:15:46,401 INFO start clear all config-info-beta.

2023-07-29 16:15:46,401 WARN clear all config-info-beta failed.

2023-07-29 16:15:46,401 WARN clear all config-info-beta-tenant failed.

2023-07-29 16:15:46,427 INFO start clear all config-info-tag.

2023-07-29 16:15:46,427 WARN clear all config-info-tag failed.

2023-07-29 16:15:46,427 WARN clear all config-info-tag-tenant failed.

2023-07-29 20:36:32,590 INFO notifyConnectTimeout:200

2023-07-29 20:36:32,595 INFO notifySocketTimeout:8000

2023-07-29 20:36:32,595 INFO isHealthCheck:true

2023-07-29 20:36:32,595 INFO maxHealthCheckFailCount:12

2023-07-29 20:36:32,595 INFO maxContent:10485760

2023-07-29 20:36:35,979 INFO use local db service for init

2023-07-29 20:36:36,434 WARN Lexical error at line 4, column 66.  Encountered: <EOF> after : "".

2023-07-29 20:36:36,438 WARN Syntax error: Encountered "*" at line 1, column 1.

2023-07-29 20:36:36,476 WARN Table/View 'CONFIG_INFO' already exists in Schema 'NACOS'.

2023-07-29 20:36:36,514 WARN Table/View 'HIS_CONFIG_INFO' already exists in Schema 'NACOS'.

2023-07-29 20:36:36,532 WARN Table/View 'CONFIG_INFO_BETA' already exists in Schema 'NACOS'.

2023-07-29 20:36:36,542 WARN Table/View 'CONFIG_INFO_TAG' already exists in Schema 'NACOS'.

2023-07-29 20:36:36,553 WARN Table/View 'CONFIG_INFO_AGGR' already exists in Schema 'NACOS'.

2023-07-29 20:36:36,565 WARN Table/View 'APP_LIST' already exists in Schema 'NACOS'.

2023-07-29 20:36:36,575 WARN Table/View 'APP_CONFIGDATA_RELATION_SUBS' already exists in Schema 'NACOS'.

2023-07-29 20:36:36,584 WARN Table/View 'APP_CONFIGDATA_RELATION_PUBS' already exists in Schema 'NACOS'.

2023-07-29 20:36:36,595 WARN Table/View 'CONFIG_TAGS_RELATION' already exists in Schema 'NACOS'.

2023-07-29 20:36:36,608 WARN Table/View 'GROUP_CAPACITY' already exists in Schema 'NACOS'.

2023-07-29 20:36:36,619 WARN Table/View 'TENANT_CAPACITY' already exists in Schema 'NACOS'.

2023-07-29 20:36:36,628 WARN Table/View 'TENANT_INFO' already exists in Schema 'NACOS'.

2023-07-29 20:36:36,641 WARN Table/View 'USERS' already exists in Schema 'NACOS'.

2023-07-29 20:36:36,650 WARN Table/View 'ROLES' already exists in Schema 'NACOS'.

2023-07-29 20:36:36,660 WARN Table/View 'PERMISSIONS' already exists in Schema 'NACOS'.

2023-07-29 20:36:36,702 WARN The statement was aborted because it would have caused a duplicate key value in a unique or primary key constraint or unique index identified by 'SQL230713143201020' defined on 'USERS'.

2023-07-29 20:36:36,711 WARN The statement was aborted because it would have caused a duplicate key value in a unique or primary key constraint or unique index identified by 'UK_USERNAME_ROLE' defined on 'ROLES'.

2023-07-29 20:36:36,711 WARN Lexical error at line 4, column 13.  Encountered: "`" (96), after : "".

2023-07-29 20:36:36,712 WARN Lexical error at line 1, column 13.  Encountered: "`" (96), after : "".

2023-07-29 20:36:36,712 WARN Lexical error at line 1, column 13.  Encountered: "`" (96), after : "".

2023-07-29 20:36:36,712 WARN Lexical error at line 1, column 13.  Encountered: "`" (96), after : "".

2023-07-29 20:36:36,712 INFO use StandaloneDatabaseOperateImpl

2023-07-29 20:36:37,670 WARN DumpService start

2023-07-29 20:36:37,671 INFO start clear all config-info.

2023-07-29 20:36:37,672 WARN clear all config-info failed.

2023-07-29 20:36:37,672 WARN clear all config-info-tenant failed.

2023-07-29 20:36:37,743 INFO [all-dump] 653576637770559488 / 653576637770559488

2023-07-29 20:36:37,743 INFO start clear all config-info-beta.

2023-07-29 20:36:37,743 WARN clear all config-info-beta failed.

2023-07-29 20:36:37,743 WARN clear all config-info-beta-tenant failed.

2023-07-29 20:36:37,752 INFO start clear all config-info-tag.

2023-07-29 20:36:37,753 WARN clear all config-info-tag failed.

2023-07-29 20:36:37,753 WARN clear all config-info-tag-tenant failed.

