2023-07-29 16:15:41,107 INFO Starting Nacos v1.4.3 on Rick-yxs with PID 7908 (D:\back-end learning\java-exercise\JavaEE\SpringCloud-yxs\SpringCloudApplication\SpringCloudStudy\nacos\target\nacos-server.jar started by AKAtravis-yxs in D:\back-end learning\java-exercise\JavaEE\SpringCloud-yxs\SpringCloudApplication\SpringCloudStudy\nacos\bin)

2023-07-29 16:15:41,108 INFO The following profiles are active: standalone

2023-07-29 16:15:43,258 INFO Bean 'org.springframework.security.access.expression.method.DefaultMethodSecurityExpressionHandler@46f699d5' of type [org.springframework.security.access.expression.method.DefaultMethodSecurityExpressionHandler] is not eligible for getting processed by all BeanPostProcessors (for example: not eligible for auto-proxying)

2023-07-29 16:15:43,266 INFO Bean 'methodSecurityMetadataSource' of type [org.springframework.security.access.method.DelegatingMethodSecurityMetadataSource] is not eligible for getting processed by all BeanPostProcessors (for example: not eligible for auto-proxying)

2023-07-29 16:15:43,747 INFO Tomcat initialized with port(s): 8848 (http)

2023-07-29 16:15:43,784 INFO Starting service [Tomcat]

2023-07-29 16:15:43,784 INFO Starting Servlet engine: [Apache Tomcat/9.0.38]

2023-07-29 16:15:44,029 INFO At least one JAR was scanned for TLDs yet contained no TLDs. Enable debug logging for this logger for a complete list of JARs that were scanned but no TLDs were found in them. Skipping unneeded JARs during scanning can improve startup time and JSP compilation time.

2023-07-29 16:15:44,064 INFO Initializing Spring embedded WebApplicationContext

2023-07-29 16:15:44,064 INFO Root WebApplicationContext: initialization completed in 2854 ms

2023-07-29 16:15:44,450 INFO HikariPool-1 - Starting...

2023-07-29 16:15:44,456 WARN Registered driver with driverClassName=org.apache.derby.jdbc.EmbeddedDriver was not found, trying direct instantiation.

2023-07-29 16:15:44,780 INFO HikariPool-1 - Driver does not support get/set network timeout for connections. (Feature not implemented: No details.)

2023-07-29 16:15:44,782 INFO HikariPool-1 - Start completed.

2023-07-29 16:15:45,566 INFO Nacos-related cluster resource initialization

2023-07-29 16:15:45,580 INFO The cluster resource is initialized

2023-07-29 16:15:46,015 INFO Reflections took 37 ms to scan 1 urls, producing 4 keys and 6 values 

2023-07-29 16:15:46,044 INFO Reflections took 3 ms to scan 1 urls, producing 6 keys and 26 values 

2023-07-29 16:15:46,059 INFO Reflections took 3 ms to scan 1 urls, producing 3 keys and 15 values 

2023-07-29 16:15:46,066 INFO Reflections took 2 ms to scan 1 urls, producing 2 keys and 12 values 

2023-07-29 16:15:46,746 INFO Initializing ExecutorService 'applicationTaskExecutor'

2023-07-29 16:15:46,870 INFO Adding welcome page: class path resource [static/index.html]

2023-07-29 16:15:47,133 INFO Creating filter chain: Ant [pattern='/**'], []

2023-07-29 16:15:47,154 INFO Creating filter chain: any request, [org.springframework.security.web.context.request.async.WebAsyncManagerIntegrationFilter@2fd64b11, org.springframework.security.web.context.SecurityContextPersistenceFilter@40d23c82, org.springframework.security.web.header.HeaderWriterFilter@30893e08, org.springframework.security.web.csrf.CsrfFilter@6a1d6ef2, org.springframework.security.web.authentication.logout.LogoutFilter@1a565afb, org.springframework.security.web.savedrequest.RequestCacheAwareFilter@ebe067d, org.springframework.security.web.servletapi.SecurityContextHolderAwareRequestFilter@550de6b8, org.springframework.security.web.authentication.AnonymousAuthenticationFilter@949c598, org.springframework.security.web.session.SessionManagementFilter@39c96e48, org.springframework.security.web.access.ExceptionTranslationFilter@43b5021c]

2023-07-29 16:15:47,210 INFO Initializing ExecutorService 'taskScheduler'

2023-07-29 16:15:47,228 INFO Exposing 2 endpoint(s) beneath base path '/actuator'

2023-07-29 16:15:47,302 INFO Tomcat started on port(s): 8848 (http) with context path '/nacos'

2023-07-29 16:15:47,305 INFO Started Nacos in 7.29 seconds (JVM running for 7.872)

2023-07-29 16:15:47,305 INFO Nacos started successfully in stand alone mode. use embedded storage

2023-07-29 16:15:53,288 INFO Error parsing HTTP request header
 Note: further occurrences of HTTP request parsing errors will be logged at DEBUG level.

java.lang.IllegalArgumentException: Invalid character found in method name [0x160x030x010x020x000x010x000x010xfc0x030x030xa90x1d0xf60xc60xd20xa10xd00xa7wf\e0x90Wi70x982U0x04vr2#0xe6F0x860x0b_0x0b0xfc0x0f]. HTTP method names must be tokens
	at org.apache.coyote.http11.Http11InputBuffer.parseRequestLine(Http11InputBuffer.java:413)
	at org.apache.coyote.http11.Http11Processor.service(Http11Processor.java:261)
	at org.apache.coyote.AbstractProcessorLight.process(AbstractProcessorLight.java:65)
	at org.apache.coyote.AbstractProtocol$ConnectionHandler.process(AbstractProtocol.java:868)
	at org.apache.tomcat.util.net.NioEndpoint$SocketProcessor.doRun(NioEndpoint.java:1590)
	at org.apache.tomcat.util.net.SocketProcessorBase.run(SocketProcessorBase.java:49)
	at java.base/java.util.concurrent.ThreadPoolExecutor.runWorker(ThreadPoolExecutor.java:1136)
	at java.base/java.util.concurrent.ThreadPoolExecutor$Worker.run(ThreadPoolExecutor.java:635)
	at org.apache.tomcat.util.threads.TaskThread$WrappingRunnable.run(TaskThread.java:61)
	at java.base/java.lang.Thread.run(Thread.java:833)
2023-07-29 16:15:53,306 INFO Error parsing HTTP request header
 Note: further occurrences of HTTP request parsing errors will be logged at DEBUG level.

java.lang.IllegalArgumentException: Invalid character found in method name [0x160x030x010x020x000x010x000x010xfc0x030x030x880x0b0x8c0xe1G0x0c0x1b%0xd320xa0=0xef0x100x1ea0x120x10&0xaa0xa1!0xa2A0x06w0xe00x13INu0xbb]. HTTP method names must be tokens
	at org.apache.coyote.http11.Http11InputBuffer.parseRequestLine(Http11InputBuffer.java:413)
	at org.apache.coyote.http11.Http11Processor.service(Http11Processor.java:261)
	at org.apache.coyote.AbstractProcessorLight.process(AbstractProcessorLight.java:65)
	at org.apache.coyote.AbstractProtocol$ConnectionHandler.process(AbstractProtocol.java:868)
	at org.apache.tomcat.util.net.NioEndpoint$SocketProcessor.doRun(NioEndpoint.java:1590)
	at org.apache.tomcat.util.net.SocketProcessorBase.run(SocketProcessorBase.java:49)
	at java.base/java.util.concurrent.ThreadPoolExecutor.runWorker(ThreadPoolExecutor.java:1136)
	at java.base/java.util.concurrent.ThreadPoolExecutor$Worker.run(ThreadPoolExecutor.java:635)
	at org.apache.tomcat.util.threads.TaskThread$WrappingRunnable.run(TaskThread.java:61)
	at java.base/java.lang.Thread.run(Thread.java:833)
2023-07-29 16:15:54,201 INFO Initializing Spring DispatcherServlet 'dispatcherServlet'

2023-07-29 16:15:54,201 INFO Initializing Servlet 'dispatcherServlet'

2023-07-29 16:15:54,207 INFO Completed initialization in 5 ms

2023-07-29 16:25:46,220 INFO [capacityManagement] start correct usage

2023-07-29 16:25:46,257 INFO [capacityManagement] end correct usage, cost: 0s

2023-07-29 16:25:46,468 WARN clearConfigHistory start

2023-07-29 16:35:46,268 INFO [capacityManagement] start correct usage

2023-07-29 16:35:46,268 INFO [capacityManagement] end correct usage, cost: 0s

2023-07-29 16:35:46,507 WARN clearConfigHistory start

2023-07-29 16:45:46,276 INFO [capacityManagement] start correct usage

2023-07-29 16:45:46,276 INFO [capacityManagement] end correct usage, cost: 0s

2023-07-29 16:45:46,515 WARN clearConfigHistory start

2023-07-29 16:55:46,287 INFO [capacityManagement] start correct usage

2023-07-29 16:55:46,287 INFO [capacityManagement] end correct usage, cost: 0s

2023-07-29 16:55:46,527 WARN clearConfigHistory start

2023-07-29 17:05:46,295 INFO [capacityManagement] start correct usage

2023-07-29 17:05:46,296 INFO [capacityManagement] end correct usage, cost: 0s

2023-07-29 17:05:46,527 WARN clearConfigHistory start

2023-07-29 17:15:46,299 INFO [capacityManagement] start correct usage

2023-07-29 17:15:46,299 INFO [capacityManagement] end correct usage, cost: 0s

2023-07-29 17:15:46,529 WARN clearConfigHistory start

2023-07-29 20:36:32,610 INFO Starting Nacos v1.4.3 on Rick-yxs with PID 5604 (D:\back-end learning\java-exercise\JavaEE\SpringCloud-yxs\SpringCloudApplication\SpringCloudStudy\nacos\target\nacos-server.jar started by AKAtravis-yxs in D:\back-end learning\java-exercise\JavaEE\SpringCloud-yxs\SpringCloudApplication\SpringCloudStudy\nacos\bin)

2023-07-29 20:36:32,610 INFO The following profiles are active: standalone

2023-07-29 20:36:34,828 INFO Bean 'org.springframework.security.access.expression.method.DefaultMethodSecurityExpressionHandler@48c35007' of type [org.springframework.security.access.expression.method.DefaultMethodSecurityExpressionHandler] is not eligible for getting processed by all BeanPostProcessors (for example: not eligible for auto-proxying)

2023-07-29 20:36:34,835 INFO Bean 'methodSecurityMetadataSource' of type [org.springframework.security.access.method.DelegatingMethodSecurityMetadataSource] is not eligible for getting processed by all BeanPostProcessors (for example: not eligible for auto-proxying)

2023-07-29 20:36:35,369 INFO Tomcat initialized with port(s): 8848 (http)

2023-07-29 20:36:35,402 INFO Starting service [Tomcat]

2023-07-29 20:36:35,403 INFO Starting Servlet engine: [Apache Tomcat/9.0.38]

2023-07-29 20:36:35,658 INFO At least one JAR was scanned for TLDs yet contained no TLDs. Enable debug logging for this logger for a complete list of JARs that were scanned but no TLDs were found in them. Skipping unneeded JARs during scanning can improve startup time and JSP compilation time.

2023-07-29 20:36:35,698 INFO Initializing Spring embedded WebApplicationContext

2023-07-29 20:36:35,698 INFO Root WebApplicationContext: initialization completed in 2979 ms

2023-07-29 20:36:36,133 INFO HikariPool-1 - Starting...

2023-07-29 20:36:36,139 WARN Registered driver with driverClassName=org.apache.derby.jdbc.EmbeddedDriver was not found, trying direct instantiation.

2023-07-29 20:36:36,369 INFO HikariPool-1 - Driver does not support get/set network timeout for connections. (Feature not implemented: No details.)

2023-07-29 20:36:36,371 INFO HikariPool-1 - Start completed.

2023-07-29 20:36:37,033 INFO Nacos-related cluster resource initialization

2023-07-29 20:36:37,045 INFO The cluster resource is initialized

2023-07-29 20:36:37,420 INFO Reflections took 29 ms to scan 1 urls, producing 4 keys and 6 values 

2023-07-29 20:36:37,440 INFO Reflections took 4 ms to scan 1 urls, producing 6 keys and 26 values 

2023-07-29 20:36:37,453 INFO Reflections took 4 ms to scan 1 urls, producing 3 keys and 15 values 

2023-07-29 20:36:37,462 INFO Reflections took 2 ms to scan 1 urls, producing 2 keys and 12 values 

2023-07-29 20:36:38,030 INFO Initializing ExecutorService 'applicationTaskExecutor'

2023-07-29 20:36:38,143 INFO Adding welcome page: class path resource [static/index.html]

2023-07-29 20:36:38,414 INFO Creating filter chain: Ant [pattern='/**'], []

2023-07-29 20:36:38,440 INFO Creating filter chain: any request, [org.springframework.security.web.context.request.async.WebAsyncManagerIntegrationFilter@365cdacf, org.springframework.security.web.context.SecurityContextPersistenceFilter@594d9f07, org.springframework.security.web.header.HeaderWriterFilter@ebe067d, org.springframework.security.web.csrf.CsrfFilter@43b5021c, org.springframework.security.web.authentication.logout.LogoutFilter@5de5e95, org.springframework.security.web.savedrequest.RequestCacheAwareFilter@5e9f73b, org.springframework.security.web.servletapi.SecurityContextHolderAwareRequestFilter@43d3aba5, org.springframework.security.web.authentication.AnonymousAuthenticationFilter@303c55fa, org.springframework.security.web.session.SessionManagementFilter@3c6c4689, org.springframework.security.web.access.ExceptionTranslationFilter@40d23c82]

2023-07-29 20:36:38,506 INFO Initializing ExecutorService 'taskScheduler'

2023-07-29 20:36:38,524 INFO Exposing 2 endpoint(s) beneath base path '/actuator'

2023-07-29 20:36:38,608 INFO Tomcat started on port(s): 8848 (http) with context path '/nacos'

2023-07-29 20:36:38,613 INFO Started Nacos in 6.952 seconds (JVM running for 7.436)

2023-07-29 20:36:38,613 INFO Nacos started successfully in stand alone mode. use embedded storage

2023-07-29 20:36:48,870 INFO Initializing Spring DispatcherServlet 'dispatcherServlet'

2023-07-29 20:36:48,870 INFO Initializing Servlet 'dispatcherServlet'

2023-07-29 20:36:48,876 INFO Completed initialization in 5 ms

