2023-07-29 16:15:45,616 INFO raft peers changed: [Member{ip='192.168.50.160', port=8848, state=UP, extendInfo={raftPort=7848}}]

2023-07-29 16:15:45,637 INFO initializing Raft sub-system

2023-07-29 16:15:45,709 INFO finish loading all datums, size: 1 cost 72 ms.

2023-07-29 16:15:45,711 INFO cache loaded, datum count: 1, current term: 0

2023-07-29 16:15:45,712 INFO finish to load data from disk, cost: 75 ms.

2023-07-29 16:15:45,714 INFO timer started: leader timeout ms: 15000, heart-beat timeout ms: 5000

2023-07-29 16:15:46,163 INFO add listener: com.alibaba.nacos.naming.domains.meta.00-00---000-NACOS_SWITCH_DOMAIN-000---00-00

2023-07-29 16:15:46,177 INFO add listener: com.alibaba.nacos.naming.domains.meta.

2023-07-29 16:15:50,610 WARN start to close old raft protocol!!!

2023-07-29 16:15:50,610 WARN stop old raft protocol task for notifier

2023-07-29 16:15:50,610 WARN stop old raft protocol task for master task

2023-07-29 16:15:50,610 WARN stop old raft protocol task for heartbeat task

2023-07-29 16:15:50,610 WARN clean old cache datum for old raft

2023-07-29 16:15:50,610 WARN start to close old raft protocol!!!

2023-07-29 16:15:50,610 WARN stop old raft protocol task for notifier

2023-07-29 16:15:50,610 WARN stop old raft protocol task for master task

2023-07-29 16:15:50,610 WARN stop old raft protocol task for heartbeat task

2023-07-29 16:15:50,610 WARN clean old cache datum for old raft

2023-07-29 16:15:50,610 WARN start to move old raft protocol metadata

2023-07-29 16:15:50,611 WARN start to move old raft protocol metadata

2023-07-29 16:15:50,612 INFO raft peers changed: [Member{ip='192.168.50.160', port=8848, state=UP, extendInfo={lastRefreshTime=1690618550611, raftPort=7848, version=1.4.3}}]

2023-07-29 16:16:35,256 INFO add listener: com.alibaba.nacos.naming.iplist.public##DEFAULT_GROUP@@auth-service

2023-07-29 16:16:59,438 INFO add listener: com.alibaba.nacos.naming.iplist.public##DEFAULT_GROUP@@borrow-service

2023-07-29 16:17:03,184 INFO add listener: com.alibaba.nacos.naming.iplist.public##DEFAULT_GROUP@@book-service

2023-07-29 16:17:06,728 INFO add listener: com.alibaba.nacos.naming.iplist.public##DEFAULT_GROUP@@user-service

2023-07-29 20:36:37,083 INFO raft peers changed: [Member{ip='192.168.50.160', port=8848, state=UP, extendInfo={raftPort=7848}}]

2023-07-29 20:36:37,102 INFO initializing Raft sub-system

2023-07-29 20:36:37,161 INFO finish loading all datums, size: 1 cost 59 ms.

2023-07-29 20:36:37,162 INFO cache loaded, datum count: 1, current term: 0

2023-07-29 20:36:37,162 INFO finish to load data from disk, cost: 60 ms.

2023-07-29 20:36:37,165 INFO timer started: leader timeout ms: 15000, heart-beat timeout ms: 5000

2023-07-29 20:36:37,545 INFO add listener: com.alibaba.nacos.naming.domains.meta.00-00---000-NACOS_SWITCH_DOMAIN-000---00-00

2023-07-29 20:36:37,557 INFO add listener: com.alibaba.nacos.naming.domains.meta.

2023-07-29 20:36:42,088 WARN start to close old raft protocol!!!

2023-07-29 20:36:42,088 WARN stop old raft protocol task for notifier

2023-07-29 20:36:42,088 WARN stop old raft protocol task for master task

2023-07-29 20:36:42,088 WARN stop old raft protocol task for heartbeat task

2023-07-29 20:36:42,088 WARN clean old cache datum for old raft

2023-07-29 20:36:42,088 WARN start to close old raft protocol!!!

2023-07-29 20:36:42,088 WARN stop old raft protocol task for notifier

2023-07-29 20:36:42,088 WARN stop old raft protocol task for master task

2023-07-29 20:36:42,088 WARN stop old raft protocol task for heartbeat task

2023-07-29 20:36:42,088 WARN clean old cache datum for old raft

2023-07-29 20:36:42,088 WARN start to move old raft protocol metadata

2023-07-29 20:36:42,089 WARN start to move old raft protocol metadata

2023-07-29 20:36:42,089 INFO raft peers changed: [Member{ip='192.168.50.160', port=8848, state=UP, extendInfo={lastRefreshTime=1690634202089, raftPort=7848, version=1.4.3}}]

2023-07-29 20:36:49,012 INFO add listener: com.alibaba.nacos.naming.iplist.public##DEFAULT_GROUP@@auth-service

